<?xml version="1.0" encoding="UTF-8"?>
<testng-results ignored="0" total="1" passed="1" failed="0" skipped="0">
  <reporter-output>
  </reporter-output>
  <suite started-at="2025-05-31T20:19:42 IST" name="Suite" finished-at="2025-05-31T20:19:43 IST" duration-ms="860">
    <groups>
    </groups>
    <test started-at="2025-05-31T20:19:42 IST" name="Test" finished-at="2025-05-31T20:19:43 IST" duration-ms="860">
      <class name="testCases.LoginTestCase">
        <test-method is-config="true" signature="launchBrowser()[pri:0, instance:testCases.LoginTestCase@238d68ff]" started-at="2025-05-31T20:19:36 IST" name="launchBrowser" finished-at="2025-05-31T20:19:42 IST" duration-ms="6018" status="PASS">
          <reporter-output>
          </reporter-output>
        </test-method> <!-- launchBrowser -->
        <test-method is-config="true" signature="loadpropertyfile()[pri:0, instance:testCases.LoginTestCase@238d68ff]" started-at="2025-05-31T20:19:42 IST" name="loadpropertyfile" finished-at="2025-05-31T20:19:42 IST" duration-ms="3" status="PASS">
          <reporter-output>
          </reporter-output>
        </test-method> <!-- loadpropertyfile -->
        <test-method signature="logintestcases()[pri:0, instance:testCases.LoginTestCase@238d68ff]" started-at="2025-05-31T20:19:42 IST" name="logintestcases" finished-at="2025-05-31T20:19:43 IST" duration-ms="776" status="PASS">
          <reporter-output>
          </reporter-output>
        </test-method> <!-- logintestcases -->
        <test-method is-config="true" signature="quitbrowser()[pri:0, instance:testCases.LoginTestCase@238d68ff]" started-at="2025-05-31T20:19:43 IST" name="quitbrowser" finished-at="2025-05-31T20:19:43 IST" duration-ms="2" status="PASS">
          <reporter-output>
          </reporter-output>
        </test-method> <!-- quitbrowser -->
      </class> <!-- testCases.LoginTestCase -->
    </test> <!-- Test -->
  </suite> <!-- Suite -->
</testng-results>
